<?xml version="1.0" encoding="UTF-8"?>
<testsuite xmlns:xsi="http://www.w3.org/2001/XMLSchema-instance" xsi:noNamespaceSchemaLocation="https://maven.apache.org/surefire/maven-surefire-plugin/xsd/surefire-test-report.xsd" name="TestSuite" time="0.406" tests="5" errors="0" skipped="0" failures="0">
  <properties>
    <property name="user.variant" value=""/>
    <property name="java.vm.info" value="mixed mode, sharing"/>
    <property name="file.encoding.pkg" value="sun.io"/>
    <property name="file.encoding" value="Cp1252"/>
    <property name="java.specification.name" value="Java Platform API Specification"/>
    <property name="sun.os.patch.level" value=""/>
    <property name="user.dir" value="C:\Users\Gjelal-pc\travailGit"/>
    <property name="line.separator" value="&#10;"/>
    <property name="java.home" value="C:\Program Files (x86)\Java\jdk1.7.0_55\jre"/>
    <property name="user.name" value="Gjelal-pc"/>
    <property name="sun.boot.library.path" value="C:\Program Files (x86)\Java\jdk1.7.0_55\jre\bin"/>
    <property name="user.home" value="C:\Users\Gjelal-pc"/>
    <property name="localRepository" value="C:\Users\Gjelal-pc\.m2\repository"/>
    <property name="sun.java.launcher" value="SUN_STANDARD"/>
    <property name="java.class.version" value="51.0"/>
    <property name="user.language" value="fr"/>
    <property name="java.vendor.url.bug" value="http://bugreport.sun.com/bugreport/"/>
    <property name="sun.jnu.encoding" value="Cp1252"/>
    <property name="java.io.tmpdir" value="C:\Users\GJELAL~1\AppData\Local\Temp\"/>
    <property name="java.specification.vendor" value="Oracle Corporation"/>
    <property name="file.separator" value="\"/>
    <property name="java.class.path" value="C:\Users\Gjelal-pc\travailGit\target\test-classes;C:\Users\Gjelal-pc\travailGit\target\classes;C:\Users\Gjelal-pc\.m2\repository\org\testng\testng\6.14.3\testng-6.14.3.jar;C:\Users\Gjelal-pc\.m2\repository\com\beust\jcommander\1.72\jcommander-1.72.jar;C:\Users\Gjelal-pc\.m2\repository\org\apache-extras\beanshell\bsh\2.0b6\bsh-2.0b6.jar;C:\Users\Gjelal-pc\.m2\repository\org\mockito\mockito-core\2.16.0\mockito-core-2.16.0.jar;C:\Users\Gjelal-pc\.m2\repository\net\bytebuddy\byte-buddy\1.7.9\byte-buddy-1.7.9.jar;C:\Users\Gjelal-pc\.m2\repository\net\bytebuddy\byte-buddy-agent\1.7.9\byte-buddy-agent-1.7.9.jar;C:\Users\Gjelal-pc\.m2\repository\org\objenesis\objenesis\2.6\objenesis-2.6.jar;C:\Users\Gjelal-pc\.m2\repository\org\assertj\assertj-core\3.9.0\assertj-core-3.9.0.jar;C:\Users\Gjelal-pc\.m2\repository\org\slf4j\slf4j-api\1.7.25\slf4j-api-1.7.25.jar;C:\Users\Gjelal-pc\.m2\repository\org\apache\maven\surefire\surefire-testng-utils\2.21.0\surefire-testng-utils-2.21.0.jar;C:\Users\Gjelal-pc\.m2\repository\org\apache\maven\surefire\surefire-grouper\2.21.0\surefire-grouper-2.21.0.jar;"/>
    <property name="java.vm.vendor" value="Oracle Corporation"/>
    <property name="sun.cpu.endian" value="little"/>
    <property name="java.vm.specification.vendor" value="Oracle Corporation"/>
    <property name="java.specification.version" value="1.7"/>
    <property name="user.script" value=""/>
    <property name="awt.toolkit" value="sun.awt.windows.WToolkit"/>
    <property name="sun.java.command" value="C:\Users\GJELAL~1\AppData\Local\Temp\surefire8135470280655130120\surefirebooter838153483673704111.jar C:\Users\Gjelal-pc\AppData\Local\Temp\surefire8135470280655130120 2018-05-17T02-18-18_304-jvmRun1 surefire8326322205693871357tmp surefire_06594454037840598755tmp"/>
    <property name="user.timezone" value=""/>
    <property name="surefire.test.class.path" value="C:\Users\Gjelal-pc\travailGit\target\test-classes;C:\Users\Gjelal-pc\travailGit\target\classes;C:\Users\Gjelal-pc\.m2\repository\org\testng\testng\6.14.3\testng-6.14.3.jar;C:\Users\Gjelal-pc\.m2\repository\com\beust\jcommander\1.72\jcommander-1.72.jar;C:\Users\Gjelal-pc\.m2\repository\org\apache-extras\beanshell\bsh\2.0b6\bsh-2.0b6.jar;C:\Users\Gjelal-pc\.m2\repository\org\mockito\mockito-core\2.16.0\mockito-core-2.16.0.jar;C:\Users\Gjelal-pc\.m2\repository\net\bytebuddy\byte-buddy\1.7.9\byte-buddy-1.7.9.jar;C:\Users\Gjelal-pc\.m2\repository\net\bytebuddy\byte-buddy-agent\1.7.9\byte-buddy-agent-1.7.9.jar;C:\Users\Gjelal-pc\.m2\repository\org\objenesis\objenesis\2.6\objenesis-2.6.jar;C:\Users\Gjelal-pc\.m2\repository\org\assertj\assertj-core\3.9.0\assertj-core-3.9.0.jar;C:\Users\Gjelal-pc\.m2\repository\org\slf4j\slf4j-api\1.7.25\slf4j-api-1.7.25.jar;C:\Users\Gjelal-pc\.m2\repository\org\apache\maven\surefire\surefire-testng-utils\2.21.0\surefire-testng-utils-2.21.0.jar;C:\Users\Gjelal-pc\.m2\repository\org\apache\maven\surefire\surefire-grouper\2.21.0\surefire-grouper-2.21.0.jar;"/>
    <property name="java.runtime.version" value="1.7.0_55-b13"/>
    <property name="java.vendor" value="Oracle Corporation"/>
    <property name="sun.management.compiler" value="HotSpot Client Compiler"/>
    <property name="sun.arch.data.model" value="32"/>
    <property name="os.arch" value="x86"/>
    <property name="sun.io.unicode.encoding" value="UnicodeLittle"/>
    <property name="java.awt.printerjob" value="sun.awt.windows.WPrinterJob"/>
    <property name="path.separator" value=";"/>
    <property name="java.runtime.name" value="Java(TM) SE Runtime Environment"/>
    <property name="java.vendor.url" value="http://java.oracle.com/"/>
    <property name="sun.boot.class.path" value="C:\Program Files (x86)\Java\jdk1.7.0_55\jre\lib\resources.jar;C:\Program Files (x86)\Java\jdk1.7.0_55\jre\lib\rt.jar;C:\Program Files (x86)\Java\jdk1.7.0_55\jre\lib\sunrsasign.jar;C:\Program Files (x86)\Java\jdk1.7.0_55\jre\lib\jsse.jar;C:\Program Files (x86)\Java\jdk1.7.0_55\jre\lib\jce.jar;C:\Program Files (x86)\Java\jdk1.7.0_55\jre\lib\charsets.jar;C:\Program Files (x86)\Java\jdk1.7.0_55\jre\lib\jfr.jar;C:\Program Files (x86)\Java\jdk1.7.0_55\jre\classes"/>
    <property name="surefire.real.class.path" value="C:\Users\GJELAL~1\AppData\Local\Temp\surefire8135470280655130120\surefirebooter838153483673704111.jar;C:\\Users\\Gjelal-pc\\.m2\\repository\\org\\jacoco\\org.jacoco.agent\\0.8.1\\org.jacoco.agent-0.8.1-runtime.jar"/>
    <property name="java.endorsed.dirs" value="C:\Program Files (x86)\Java\jdk1.7.0_55\jre\lib\endorsed"/>
    <property name="sun.desktop" value="windows"/>
    <property name="java.vm.version" value="24.55-b03"/>
    <property name="os.name" value="Windows 8.1"/>
    <property name="java.vm.specification.version" value="1.7"/>
    <property name="sun.cpu.isalist" value="pentium_pro+mmx pentium_pro pentium+mmx pentium i486 i386 i86"/>
    <property name="java.version" value="1.7.0_55"/>
    <property name="java.vm.specification.name" value="Java Virtual Machine Specification"/>
    <property name="java.ext.dirs" value="C:\Program Files (x86)\Java\jdk1.7.0_55\jre\lib\ext;C:\WINDOWS\Sun\Java\lib\ext"/>
    <property name="os.version" value="6.3"/>
    <property name="basedir" value="C:\Users\Gjelal-pc\travailGit"/>
    <property name="java.library.path" value="C:\Program Files (x86)\Java\jdk1.7.0_55\jre\bin;C:\WINDOWS\Sun\Java\bin;C:\WINDOWS\system32;C:\WINDOWS;C:\Users\Gjelal-pc\bin;C:\Program Files\Git\mingw64\bin;C:\Program Files\Git\usr\local\bin;C:\Program Files\Git\usr\bin;C:\Program Files\Git\usr\bin;C:\Program Files\Git\mingw64\bin;C:\Program Files\Git\usr\bin;C:\Users\Gjelal-pc\bin;C:\oraclexe\app\oracle\product\10.2.0\server\bin;C:\ProgramData\Oracle\Java\javapath;C:\WINDOWS\system32;C:\WINDOWS;C:\WINDOWS\System32\Wbem;C:\WINDOWS\System32\WindowsPowerShell\v1.0;C:\Program Files (x86)\Microsoft SQL Server\Client SDK\ODBC\130\Tools\Binn;C:\Program Files (x86)\Microsoft SQL Server\130\Tools\Binn;C:\Program Files (x86)\Microsoft SQL Server\130\DTS\Binn;C:\Program Files (x86)\Microsoft SQL Server\130\Tools\Binn\ManagementStudio;C:\Program Files\PuTTY;C:\Program Files (x86)\Java\jdk1.7.0_55\bin;C:\Program Files (x86)\Brackets\command;C:\WINDOWS\system32\config\systemprofile\.dnx\bin;C:\Program Files\Microsoft DNX\Dnvm;C:\Program Files\Microsoft SQL Server\130\Tools\Binn;C:\Users\Gjelal-pc\AppData\Local\Microsoft\WindowsApps;C:\Program Files (x86)\Apache Software Foundation\apache-maven-3.5.3\bin;C:\Program Files (x86)\Java\jdk1.7.0_55\bin;C:\Program Files (x86)\Java\jdk1.7.0_55;C:\Program Files\Git\usr\bin\vendor_perl;C:\Program Files\Git\usr\bin\core_perl;."/>
    <property name="java.awt.graphicsenv" value="sun.awt.Win32GraphicsEnvironment"/>
    <property name="java.vm.name" value="Java HotSpot(TM) Client VM"/>
    <property name="user.country" value="CH"/>
  </properties>
  <testcase name="testCompareToEquals" classname="LivreTest" time="0"/>
  <testcase name="testCompareToPlusGrandL1L2" classname="LivreTest" time="0"/>
  <testcase name="testCompareToPlusGrandL2L1" classname="LivreTest" time="0"/>
  <testcase name="testContientPaysFalse" classname="LivreTest" time="0"/>
  <testcase name="testContientPaysTrue" classname="LivreTest" time="0"/>
</testsuite>